Doctor/mupdf/build/outputs/logs/manifest-merger-debug-report.txt
-- Merging decision tree log ---
manifest
ADDED from src\main\AndroidManifest.xml:2:1-42:12
INJECTED from src\main\AndroidManifest.xml:2:1-42:12
INJECTED from src\main\AndroidManifest.xml:2:1-42:12
INJECTED from src\main\AndroidManifest.xml:2:1-42:12
INJECTED from src\main\AndroidManifest.xml:2:1-42:12
INJECTED from src\main\AndroidManifest.xml:2:1-42:12
INJECTED from src\main\AndroidManifest.xml:2:1-42:12
	package
		ADDED from src\main\AndroidManifest.xml:4:5-32
		INJECTED from src\main\AndroidManifest.xml
		INJECTED from src\main\AndroidManifest.xml
	android:versionName
		INJECTED from src\main\AndroidManifest.xml
		ADDED from src\main\AndroidManifest.xml:2:1-42:12
		INJECTED from src\main\AndroidManifest.xml
	xmlns:tools
		ADDED from src\main\AndroidManifest.xml:3:5-51
	android:versionCode
		INJECTED from src\main\AndroidManifest.xml
		ADDED from src\main\AndroidManifest.xml:2:1-42:12
		INJECTED from src\main\AndroidManifest.xml
	xmlns:android
		ADDED from src\main\AndroidManifest.xml:2:11-69
uses-permission#android.permission.WRITE_EXTERNAL_STORAGE
ADDED from src\main\AndroidManifest.xml:7:5-81
	android:name
		ADDED from src\main\AndroidManifest.xml:7:22-78
application
ADDED from src\main\AndroidManifest.xml:9:5-41:19
activity#com.artifex.mupdf.viewer.DocumentActivity
ADDED from src\main\AndroidManifest.xml:10:9-37:20
	android:name
		ADDED from src\main\AndroidManifest.xml:10:19-58
intent-filter#action:name:android.intent.action.VIEW+category:name:android.intent.category.BROWSABLE+category:name:android.intent.category.DEFAULT+data:mimeType:application/epub+zip+data:mimeType:application/oxps+data:mimeType:application/pdf+data:mimeType:application/vnd.ms-xpsdocument+data:mimeType:application/x-cbz+data:mimeType:text/xml
ADDED from src\main\AndroidManifest.xml:11:13-23:29
	tools:ignore
		ADDED from src\main\AndroidManifest.xml:11:28-58
action#android.intent.action.VIEW
ADDED from src\main\AndroidManifest.xml:12:17-69
	android:name
		ADDED from src\main\AndroidManifest.xml:12:25-66
category#android.intent.category.DEFAULT
ADDED from src\main\AndroidManifest.xml:14:17-76
	android:name
		ADDED from src\main\AndroidManifest.xml:14:27-73
category#android.intent.category.BROWSABLE
ADDED from src\main\AndroidManifest.xml:15:17-78
	android:name
		ADDED from src\main\AndroidManifest.xml:15:27-75
data
ADDED from src\main\AndroidManifest.xml:17:17-60
	android:pathPattern
		ADDED from src\main\AndroidManifest.xml:30:23-53
	android:mimeType
		ADDED from src\main\AndroidManifest.xml:17:23-57
intent-filter#action:name:android.intent.action.VIEW+category:name:android.intent.category.BROWSABLE+category:name:android.intent.category.DEFAULT+data:pathPattern:.*\\.cbz+data:pathPattern:.*\\.epub+data:pathPattern:.*\\.fb2+data:pathPattern:.*\\.oxps+data:pathPattern:.*\\.pdf+data:pathPattern:.*\\.xps
ADDED from src\main\AndroidManifest.xml:24:13-36:29
	tools:ignore
		ADDED from src\main\AndroidManifest.xml:24:28-58
activity#com.artifex.mupdf.viewer.OutlineActivity
ADDED from src\main\AndroidManifest.xml:38:9-40:77
	android:configChanges
		ADDED from src\main\AndroidManifest.xml:40:13-74
	android:name
		ADDED from src\main\AndroidManifest.xml:39:13-51
uses-sdk
INJECTED from src\main\AndroidManifest.xml reason: use-sdk injection requested
INJECTED from src\main\AndroidManifest.xml
INJECTED from src\main\AndroidManifest.xml
INJECTED from src\main\AndroidManifest.xml
INJECTED from src\main\AndroidManifest.xml
	android:targetSdkVersion
		INJECTED from src\main\AndroidManifest.xml
		ADDED from src\main\AndroidManifest.xml
		INJECTED from src\main\AndroidManifest.xml
	android:minSdkVersion
		INJECTED from src\main\AndroidManifest.xml
		ADDED from src\main\AndroidManifest.xml
		INJECTED from src\main\AndroidManifest.xml